{"/home/vmaximpopovschii/fastfood-simulator/src/models/Customer.js": {"path":"/home/vmaximpopovschii/fastfood-simulator/src/models/Customer.js","statementMap":{"0":{"start":{"line":3,"column":8},"end":{"line":3,"column":21}},"1":{"start":{"line":4,"column":8},"end":{"line":4,"column":32}},"2":{"start":{"line":8,"column":8},"end":{"line":11,"column":11}},"3":{"start":{"line":9,"column":12},"end":{"line":9,"column":68}},"4":{"start":{"line":10,"column":12},"end":{"line":10,"column":38}},"5":{"start":{"line":15,"column":8},"end":{"line":15,"column":49}}},"fnMap":{"0":{"name":"(anonymous_0)","decl":{"start":{"line":2,"column":4},"end":{"line":2,"column":5}},"loc":{"start":{"line":2,"column":20},"end":{"line":5,"column":5}},"line":2},"1":{"name":"(anonymous_1)","decl":{"start":{"line":7,"column":4},"end":{"line":7,"column":5}},"loc":{"start":{"line":7,"column":17},"end":{"line":12,"column":5}},"line":7},"2":{"name":"(anonymous_2)","decl":{"start":{"line":8,"column":27},"end":{"line":8,"column":28}},"loc":{"start":{"line":8,"column":40},"end":{"line":11,"column":9}},"line":8},"3":{"name":"(anonymous_3)","decl":{"start":{"line":14,"column":4},"end":{"line":14,"column":5}},"loc":{"start":{"line":14,"column":19},"end":{"line":16,"column":5}},"line":14}},"branchMap":{},"s":{"0":18,"1":18,"2":16,"3":16,"4":16,"5":1},"f":{"0":18,"1":16,"2":16,"3":1},"b":{},"_coverageSchema":"1a1c01bbd47fc00a2c39e90264f33305004495a9","hash":"55a367776ee1a01e123baa5bb58a3461066e083c"}
,"/home/vmaximpopovschii/fastfood-simulator/src/models/Order.js": {"path":"/home/vmaximpopovschii/fastfood-simulator/src/models/Order.js","statementMap":{"0":{"start":{"line":3,"column":8},"end":{"line":3,"column":39}},"1":{"start":{"line":4,"column":8},"end":{"line":4,"column":37}},"2":{"start":{"line":5,"column":8},"end":{"line":5,"column":32}},"3":{"start":{"line":6,"column":8},"end":{"line":6,"column":36}},"4":{"start":{"line":10,"column":8},"end":{"line":10,"column":34}},"5":{"start":{"line":14,"column":8},"end":{"line":14,"column":30}},"6":{"start":{"line":18,"column":8},"end":{"line":18,"column":34}}},"fnMap":{"0":{"name":"(anonymous_0)","decl":{"start":{"line":2,"column":4},"end":{"line":2,"column":5}},"loc":{"start":{"line":2,"column":41},"end":{"line":7,"column":5}},"line":2},"1":{"name":"(anonymous_1)","decl":{"start":{"line":9,"column":4},"end":{"line":9,"column":5}},"loc":{"start":{"line":9,"column":14},"end":{"line":11,"column":5}},"line":9},"2":{"name":"(anonymous_2)","decl":{"start":{"line":13,"column":4},"end":{"line":13,"column":5}},"loc":{"start":{"line":13,"column":15},"end":{"line":15,"column":5}},"line":13},"3":{"name":"(anonymous_3)","decl":{"start":{"line":17,"column":4},"end":{"line":17,"column":5}},"loc":{"start":{"line":17,"column":14},"end":{"line":19,"column":5}},"line":17}},"branchMap":{},"s":{"0":31,"1":31,"2":31,"3":31,"4":1,"5":1,"6":1},"f":{"0":31,"1":1,"2":1,"3":1},"b":{},"_coverageSchema":"1a1c01bbd47fc00a2c39e90264f33305004495a9","hash":"cdf5240f6d7c1eb909d2362dd791adb19ad601da"}
,"/home/vmaximpopovschii/fastfood-simulator/src/models/Restaurant.js": {"path":"/home/vmaximpopovschii/fastfood-simulator/src/models/Restaurant.js","statementMap":{"0":{"start":{"line":6,"column":8},"end":{"line":6,"column":29}},"1":{"start":{"line":7,"column":8},"end":{"line":7,"column":34}},"2":{"start":{"line":8,"column":8},"end":{"line":8,"column":30}},"3":{"start":{"line":9,"column":8},"end":{"line":9,"column":32}},"4":{"start":{"line":10,"column":8},"end":{"line":10,"column":31}},"5":{"start":{"line":11,"column":8},"end":{"line":16,"column":10}},"6":{"start":{"line":17,"column":8},"end":{"line":17,"column":37}},"7":{"start":{"line":21,"column":8},"end":{"line":21,"column":58}},"8":{"start":{"line":22,"column":8},"end":{"line":22,"column":30}},"9":{"start":{"line":23,"column":8},"end":{"line":23,"column":33}},"10":{"start":{"line":24,"column":8},"end":{"line":24,"column":29}},"11":{"start":{"line":28,"column":8},"end":{"line":28,"column":31}},"12":{"start":{"line":32,"column":8},"end":{"line":32,"column":36}},"13":{"start":{"line":32,"column":29},"end":{"line":32,"column":36}},"14":{"start":{"line":34,"column":25},"end":{"line":34,"column":49}},"15":{"start":{"line":35,"column":8},"end":{"line":35,"column":42}},"16":{"start":{"line":36,"column":8},"end":{"line":36,"column":83}},"17":{"start":{"line":36,"column":25},"end":{"line":36,"column":49}},"18":{"start":{"line":40,"column":8},"end":{"line":40,"column":36}},"19":{"start":{"line":40,"column":29},"end":{"line":40,"column":36}},"20":{"start":{"line":43,"column":8},"end":{"line":52,"column":9}},"21":{"start":{"line":44,"column":29},"end":{"line":44,"column":55}},"22":{"start":{"line":45,"column":12},"end":{"line":51,"column":13}},"23":{"start":{"line":46,"column":16},"end":{"line":50,"column":23}},"24":{"start":{"line":48,"column":38},"end":{"line":48,"column":73}},"25":{"start":{"line":49,"column":24},"end":{"line":49,"column":52}},"26":{"start":{"line":55,"column":8},"end":{"line":65,"column":9}},"27":{"start":{"line":56,"column":35},"end":{"line":56,"column":58}},"28":{"start":{"line":57,"column":12},"end":{"line":57,"column":54}},"29":{"start":{"line":60,"column":12},"end":{"line":64,"column":42}},"30":{"start":{"line":61,"column":16},"end":{"line":63,"column":17}},"31":{"start":{"line":62,"column":20},"end":{"line":62,"column":55}},"32":{"start":{"line":68,"column":8},"end":{"line":70,"column":9}},"33":{"start":{"line":69,"column":12},"end":{"line":69,"column":82}},"34":{"start":{"line":69,"column":29},"end":{"line":69,"column":49}},"35":{"start":{"line":74,"column":22},"end":{"line":74,"column":57}},"36":{"start":{"line":75,"column":8},"end":{"line":78,"column":9}},"37":{"start":{"line":76,"column":12},"end":{"line":76,"column":50}},"38":{"start":{"line":77,"column":12},"end":{"line":77,"column":41}},"39":{"start":{"line":82,"column":22},"end":{"line":82,"column":57}},"40":{"start":{"line":83,"column":8},"end":{"line":87,"column":9}},"41":{"start":{"line":84,"column":12},"end":{"line":84,"column":50}},"42":{"start":{"line":85,"column":12},"end":{"line":85,"column":41}},"43":{"start":{"line":86,"column":12},"end":{"line":86,"column":24}},"44":{"start":{"line":88,"column":8},"end":{"line":88,"column":21}},"45":{"start":{"line":92,"column":22},"end":{"line":92,"column":84}},"46":{"start":{"line":92,"column":54},"end":{"line":92,"column":83}},"47":{"start":{"line":93,"column":8},"end":{"line":95,"column":9}},"48":{"start":{"line":94,"column":12},"end":{"line":94,"column":56}},"49":{"start":{"line":96,"column":8},"end":{"line":96,"column":20}},"50":{"start":{"line":100,"column":22},"end":{"line":100,"column":83}},"51":{"start":{"line":100,"column":53},"end":{"line":100,"column":82}},"52":{"start":{"line":101,"column":8},"end":{"line":104,"column":9}},"53":{"start":{"line":102,"column":12},"end":{"line":102,"column":45}},"54":{"start":{"line":103,"column":12},"end":{"line":103,"column":24}},"55":{"start":{"line":105,"column":8},"end":{"line":105,"column":21}}},"fnMap":{"0":{"name":"(anonymous_0)","decl":{"start":{"line":5,"column":4},"end":{"line":5,"column":5}},"loc":{"start":{"line":5,"column":18},"end":{"line":18,"column":5}},"line":5},"1":{"name":"(anonymous_1)","decl":{"start":{"line":20,"column":4},"end":{"line":20,"column":5}},"loc":{"start":{"line":20,"column":25},"end":{"line":25,"column":5}},"line":20},"2":{"name":"(anonymous_2)","decl":{"start":{"line":27,"column":4},"end":{"line":27,"column":5}},"loc":{"start":{"line":27,"column":11},"end":{"line":29,"column":5}},"line":27},"3":{"name":"(anonymous_3)","decl":{"start":{"line":31,"column":4},"end":{"line":31,"column":5}},"loc":{"start":{"line":31,"column":24},"end":{"line":37,"column":5}},"line":31},"4":{"name":"(anonymous_4)","decl":{"start":{"line":36,"column":19},"end":{"line":36,"column":20}},"loc":{"start":{"line":36,"column":25},"end":{"line":36,"column":49}},"line":36},"5":{"name":"(anonymous_5)","decl":{"start":{"line":39,"column":4},"end":{"line":39,"column":5}},"loc":{"start":{"line":39,"column":20},"end":{"line":71,"column":5}},"line":39},"6":{"name":"(anonymous_6)","decl":{"start":{"line":47,"column":26},"end":{"line":47,"column":27}},"loc":{"start":{"line":47,"column":41},"end":{"line":50,"column":21}},"line":47},"7":{"name":"(anonymous_7)","decl":{"start":{"line":60,"column":23},"end":{"line":60,"column":24}},"loc":{"start":{"line":60,"column":29},"end":{"line":64,"column":13}},"line":60},"8":{"name":"(anonymous_8)","decl":{"start":{"line":69,"column":23},"end":{"line":69,"column":24}},"loc":{"start":{"line":69,"column":29},"end":{"line":69,"column":49}},"line":69},"9":{"name":"(anonymous_9)","decl":{"start":{"line":73,"column":4},"end":{"line":73,"column":5}},"loc":{"start":{"line":73,"column":25},"end":{"line":79,"column":5}},"line":73},"10":{"name":"(anonymous_10)","decl":{"start":{"line":81,"column":4},"end":{"line":81,"column":5}},"loc":{"start":{"line":81,"column":24},"end":{"line":89,"column":5}},"line":81},"11":{"name":"(anonymous_11)","decl":{"start":{"line":91,"column":4},"end":{"line":91,"column":5}},"loc":{"start":{"line":91,"column":29},"end":{"line":97,"column":5}},"line":91},"12":{"name":"(anonymous_12)","decl":{"start":{"line":92,"column":49},"end":{"line":92,"column":50}},"loc":{"start":{"line":92,"column":54},"end":{"line":92,"column":83}},"line":92},"13":{"name":"(anonymous_13)","decl":{"start":{"line":99,"column":4},"end":{"line":99,"column":5}},"loc":{"start":{"line":99,"column":29},"end":{"line":106,"column":5}},"line":99},"14":{"name":"(anonymous_14)","decl":{"start":{"line":100,"column":48},"end":{"line":100,"column":49}},"loc":{"start":{"line":100,"column":53},"end":{"line":100,"column":82}},"line":100}},"branchMap":{"0":{"loc":{"start":{"line":20,"column":10},"end":{"line":20,"column":23}},"type":"default-arg","locations":[{"start":{"line":20,"column":21},"end":{"line":20,"column":23}}],"line":20},"1":{"loc":{"start":{"line":32,"column":8},"end":{"line":32,"column":36}},"type":"if","locations":[{"start":{"line":32,"column":8},"end":{"line":32,"column":36}},{"start":{},"end":{}}],"line":32},"2":{"loc":{"start":{"line":40,"column":8},"end":{"line":40,"column":36}},"type":"if","locations":[{"start":{"line":40,"column":8},"end":{"line":40,"column":36}},{"start":{},"end":{}}],"line":40},"3":{"loc":{"start":{"line":43,"column":8},"end":{"line":52,"column":9}},"type":"if","locations":[{"start":{"line":43,"column":8},"end":{"line":52,"column":9}},{"start":{},"end":{}}],"line":43},"4":{"loc":{"start":{"line":45,"column":12},"end":{"line":51,"column":13}},"type":"if","locations":[{"start":{"line":45,"column":12},"end":{"line":51,"column":13}},{"start":{},"end":{}}],"line":45},"5":{"loc":{"start":{"line":45,"column":16},"end":{"line":45,"column":69}},"type":"binary-expr","locations":[{"start":{"line":45,"column":16},"end":{"line":45,"column":24}},{"start":{"line":45,"column":28},"end":{"line":45,"column":69}}],"line":45},"6":{"loc":{"start":{"line":55,"column":8},"end":{"line":65,"column":9}},"type":"if","locations":[{"start":{"line":55,"column":8},"end":{"line":65,"column":9}},{"start":{},"end":{}}],"line":55},"7":{"loc":{"start":{"line":55,"column":12},"end":{"line":55,"column":96}},"type":"binary-expr","locations":[{"start":{"line":55,"column":12},"end":{"line":55,"column":38}},{"start":{"line":55,"column":42},"end":{"line":55,"column":96}}],"line":55},"8":{"loc":{"start":{"line":61,"column":16},"end":{"line":63,"column":17}},"type":"if","locations":[{"start":{"line":61,"column":16},"end":{"line":63,"column":17}},{"start":{},"end":{}}],"line":61},"9":{"loc":{"start":{"line":68,"column":8},"end":{"line":70,"column":9}},"type":"if","locations":[{"start":{"line":68,"column":8},"end":{"line":70,"column":9}},{"start":{},"end":{}}],"line":68},"10":{"loc":{"start":{"line":75,"column":8},"end":{"line":78,"column":9}},"type":"if","locations":[{"start":{"line":75,"column":8},"end":{"line":78,"column":9}},{"start":{},"end":{}}],"line":75},"11":{"loc":{"start":{"line":83,"column":8},"end":{"line":87,"column":9}},"type":"if","locations":[{"start":{"line":83,"column":8},"end":{"line":87,"column":9}},{"start":{},"end":{}}],"line":83},"12":{"loc":{"start":{"line":93,"column":8},"end":{"line":95,"column":9}},"type":"if","locations":[{"start":{"line":93,"column":8},"end":{"line":95,"column":9}},{"start":{},"end":{}}],"line":93},"13":{"loc":{"start":{"line":101,"column":8},"end":{"line":104,"column":9}},"type":"if","locations":[{"start":{"line":101,"column":8},"end":{"line":104,"column":9}},{"start":{},"end":{}}],"line":101}},"s":{"0":15,"1":15,"2":15,"3":15,"4":15,"5":15,"6":15,"7":10,"8":10,"9":10,"10":10,"11":2,"12":15,"13":1,"14":14,"15":14,"16":14,"17":5,"18":22,"19":1,"20":21,"21":16,"22":16,"23":15,"24":15,"25":15,"26":21,"27":4,"28":4,"29":4,"30":0,"31":0,"32":21,"33":21,"34":12,"35":0,"36":0,"37":0,"38":0,"39":1,"40":1,"41":1,"42":1,"43":1,"44":0,"45":1,"46":1,"47":1,"48":1,"49":0,"50":1,"51":1,"52":1,"53":1,"54":1,"55":0},"f":{"0":15,"1":10,"2":2,"3":15,"4":5,"5":22,"6":15,"7":0,"8":12,"9":0,"10":1,"11":1,"12":1,"13":1,"14":1},"b":{"0":[8],"1":[1,14],"2":[1,21],"3":[16,5],"4":[15,1],"5":[16,16],"6":[4,17],"7":[21,4],"8":[0,0],"9":[21,0],"10":[0,0],"11":[1,0],"12":[1,0],"13":[1,0]},"_coverageSchema":"1a1c01bbd47fc00a2c39e90264f33305004495a9","hash":"4ad7a175dfd8dcfd96d04da8d5b1ee0c40d82492"}
}
