TN:
SF:src/models/Customer.js
FN:2,(anonymous_0)
FN:7,(anonymous_1)
FN:8,(anonymous_2)
FN:14,(anonymous_3)
FNF:4
FNH:4
FNDA:18,(anonymous_0)
FNDA:16,(anonymous_1)
FNDA:16,(anonymous_2)
FNDA:1,(anonymous_3)
DA:3,18
DA:4,18
DA:8,16
DA:9,16
DA:10,16
DA:15,1
LF:6
LH:6
BRF:0
BRH:0
end_of_record
TN:
SF:src/models/Order.js
FN:2,(anonymous_0)
FN:9,(anonymous_1)
FN:13,(anonymous_2)
FN:17,(anonymous_3)
FNF:4
FNH:4
FNDA:31,(anonymous_0)
FNDA:1,(anonymous_1)
FNDA:1,(anonymous_2)
FNDA:1,(anonymous_3)
DA:3,31
DA:4,31
DA:5,31
DA:6,31
DA:10,1
DA:14,1
DA:18,1
LF:7
LH:7
BRF:0
BRH:0
end_of_record
TN:
SF:src/models/Restaurant.js
FN:5,(anonymous_0)
FN:20,(anonymous_1)
FN:27,(anonymous_2)
FN:31,(anonymous_3)
FN:36,(anonymous_4)
FN:39,(anonymous_5)
FN:47,(anonymous_6)
FN:60,(anonymous_7)
FN:69,(anonymous_8)
FN:73,(anonymous_9)
FN:81,(anonymous_10)
FN:91,(anonymous_11)
FN:92,(anonymous_12)
FN:99,(anonymous_13)
FN:100,(anonymous_14)
FNF:15
FNH:13
FNDA:15,(anonymous_0)
FNDA:10,(anonymous_1)
FNDA:2,(anonymous_2)
FNDA:15,(anonymous_3)
FNDA:5,(anonymous_4)
FNDA:22,(anonymous_5)
FNDA:15,(anonymous_6)
FNDA:0,(anonymous_7)
FNDA:12,(anonymous_8)
FNDA:0,(anonymous_9)
FNDA:1,(anonymous_10)
FNDA:1,(anonymous_11)
FNDA:1,(anonymous_12)
FNDA:1,(anonymous_13)
FNDA:1,(anonymous_14)
DA:6,15
DA:7,15
DA:8,15
DA:9,15
DA:10,15
DA:11,15
DA:17,15
DA:21,10
DA:22,10
DA:23,10
DA:24,10
DA:28,2
DA:32,15
DA:34,14
DA:35,14
DA:36,14
DA:40,22
DA:43,21
DA:44,16
DA:45,16
DA:46,15
DA:48,15
DA:49,15
DA:55,21
DA:56,4
DA:57,4
DA:60,4
DA:61,0
DA:62,0
DA:68,21
DA:69,21
DA:74,0
DA:75,0
DA:76,0
DA:77,0
DA:82,1
DA:83,1
DA:84,1
DA:85,1
DA:86,1
DA:88,0
DA:92,1
DA:93,1
DA:94,1
DA:96,0
DA:100,1
DA:101,1
DA:102,1
DA:103,1
DA:105,0
LF:50
LH:41
BRDA:20,0,0,8
BRDA:32,1,0,1
BRDA:32,1,1,14
BRDA:40,2,0,1
BRDA:40,2,1,21
BRDA:43,3,0,16
BRDA:43,3,1,5
BRDA:45,4,0,15
BRDA:45,4,1,1
BRDA:45,5,0,16
BRDA:45,5,1,16
BRDA:55,6,0,4
BRDA:55,6,1,17
BRDA:55,7,0,21
BRDA:55,7,1,4
BRDA:61,8,0,0
BRDA:61,8,1,0
BRDA:68,9,0,21
BRDA:68,9,1,0
BRDA:75,10,0,0
BRDA:75,10,1,0
BRDA:83,11,0,1
BRDA:83,11,1,0
BRDA:93,12,0,1
BRDA:93,12,1,0
BRDA:101,13,0,1
BRDA:101,13,1,0
BRF:27
BRH:19
end_of_record
